SF:lib/core/errors/exceptions.dart
DA:5,1
DA:10,1
DA:11,1
DA:12,1
DA:13,1
DA:19,1
DA:20,3
LF:7
LH:7
end_of_record
SF:lib/src/authentication/data/datasources/authentication_remote_data_source.dart
DA:26,1
DA:30,1
DA:43,2
DA:44,1
DA:45,1
DA:46,1
DA:52,1
DA:57,4
DA:58,1
DA:60,1
DA:63,0
DA:67,1
DA:74,2
DA:75,1
DA:79,2
DA:80,1
DA:83,3
DA:84,3
DA:85,1
DA:86,1
DA:89,0
LF:21
LH:19
end_of_record
SF:lib/src/authentication/data/models/user_model.dart
DA:7,2
DA:14,1
DA:15,0
DA:22,0
DA:28,0
DA:29,0
DA:30,0
DA:31,0
DA:32,0
DA:36,1
DA:37,1
DA:38,1
DA:39,1
DA:40,1
DA:41,1
DA:45,0
DA:46,0
DA:48,1
DA:49,1
DA:50,1
DA:51,1
DA:52,1
DA:53,1
DA:57,0
LF:24
LH:14
end_of_record
SF:lib/src/authentication/domain/entities/user.dart
DA:4,2
DA:11,0
DA:12,0
DA:24,1
DA:25,4
LF:5
LH:3
end_of_record
SF:lib/core/errors/failure.dart
DA:5,0
DA:13,0
DA:15,0
DA:16,0
DA:20,0
DA:25,0
DA:26,0
DA:27,0
DA:28,0
LF:9
LH:0
end_of_record
SF:lib/core/usecase/usecase.dart
DA:4,0
DA:10,0
LF:2
LH:0
end_of_record
SF:lib/src/authentication/domain/repositories/authentication_repository.dart
DA:5,0
LF:1
LH:0
end_of_record
SF:lib/src/authentication/domain/usercases/create_user.dart
DA:7,0
DA:11,0
DA:12,0
DA:13,0
DA:14,0
DA:15,0
DA:20,0
DA:26,0
DA:27,0
DA:37,0
DA:38,0
LF:11
LH:0
end_of_record
SF:lib/src/authentication/domain/usercases/get_users.dart
DA:7,0
DA:11,0
DA:12,0
LF:3
LH:0
end_of_record
SF:lib/src/authentication/presentation/cubit/authentication_cubit.dart
DA:10,0
DA:15,0
DA:20,0
DA:25,0
DA:27,0
DA:28,0
DA:35,0
DA:36,0
DA:37,0
DA:41,0
DA:42,0
DA:44,0
DA:46,0
DA:47,0
DA:48,0
LF:15
LH:0
end_of_record
SF:lib/src/authentication/presentation/cubit/authentication_state.dart
DA:4,1
DA:6,0
DA:7,0
DA:11,1
DA:15,1
DA:19,1
DA:23,1
DA:27,0
DA:31,0
DA:32,0
DA:36,0
DA:40,0
DA:41,0
LF:13
LH:5
end_of_record
